Using pre-set license
Built from '2020.3/staging' branch; Version is '2020.3.17f1 (a4537701e4ab) revision 10769271'; Using compiler version '192528614'; Build Type 'Release'
OS: 'Windows 10 Pro; OS build 19041.985; Version 2004; 64bit' Language: 'ko' Physical Memory: 16315 MB
BatchMode: 1, IsHumanControllingUs: 0, StartBugReporterOnCrash: 0, Is64bit: 1, IsPro: 0

COMMAND LINE ARGUMENTS:
D:\Files\Unity\2020.3.17f1\Editor\Unity.exe
-adb2
-batchMode
-noUpm
-name
AssetImportWorker0
-projectPath
C:/Users/Admin/2DGameBasic05
-logFile
Logs/AssetImportWorker0.log
-srvPort
1385
Successfully changed project path to: C:/Users/Admin/2DGameBasic05
C:/Users/Admin/2DGameBasic05
Using Asset Import Pipeline V2.
Refreshing native plugins compatible for Editor in 44.64 ms, found 3 plugins.
Preloading 0 native plugins for Editor in 0.00 ms.
Initialize engine version: 2020.3.17f1 (a4537701e4ab)
[Subsystems] Discovering subsystems at path D:/Files/Unity/2020.3.17f1/Editor/Data/Resources/UnitySubsystems
[Subsystems] Discovering subsystems at path C:/Users/Admin/2DGameBasic05/Assets
GfxDevice: creating device client; threaded=0
Direct3D:
    Version:  Direct3D 11.0 [level 11.1]
    Renderer: NVIDIA GeForce RTX 2070 SUPER (ID=0x1e84)
    Vendor:   
    VRAM:     8011 MB
    Driver:   30.0.14.7111
Initialize mono
Mono path[0] = 'D:/Files/Unity/2020.3.17f1/Editor/Data/Managed'
Mono path[1] = 'D:/Files/Unity/2020.3.17f1/Editor/Data/MonoBleedingEdge/lib/mono/unityjit'
Mono config path = 'D:/Files/Unity/2020.3.17f1/Editor/Data/MonoBleedingEdge/etc'
Using monoOptions --debugger-agent=transport=dt_socket,embedding=1,server=y,suspend=n,address=127.0.0.1:56960
Begin MonoManager ReloadAssembly
Registering precompiled unity dll's ...
Register platform support module: D:/Files/Unity/2020.3.17f1/Editor/Data/PlaybackEngines/WindowsStandaloneSupport/UnityEditor.WindowsStandalone.Extensions.dll
Registered in 0.001371 seconds.
Native extension for WindowsStandalone target not found
Refreshing native plugins compatible for Editor in 38.49 ms, found 3 plugins.
Preloading 0 native plugins for Editor in 0.00 ms.
Mono: successfully reloaded assembly
- Completed reload, in  1.688 seconds
Domain Reload Profiling:
	ReloadAssembly (1688ms)
		BeginReloadAssembly (74ms)
			ExecutionOrderSort (0ms)
			DisableScriptedObjects (0ms)
			BackupInstance (0ms)
			ReleaseScriptingObjects (0ms)
			CreateAndSetChildDomain (1ms)
		EndReloadAssembly (422ms)
			LoadAssemblies (74ms)
			RebuildTransferFunctionScriptingTraits (0ms)
			SetupTypeCache (123ms)
			ReleaseScriptCaches (0ms)
			RebuildScriptCaches (25ms)
			SetupLoadedEditorAssemblies (136ms)
				LogAssemblyErrors (0ms)
				InitializePlatformSupportModulesInManaged (3ms)
				SetLoadedEditorAssemblies (0ms)
				RefreshPlugins (39ms)
				BeforeProcessingInitializeOnLoad (7ms)
				ProcessInitializeOnLoadAttributes (63ms)
				ProcessInitializeOnLoadMethodAttributes (23ms)
				AfterProcessingInitializeOnLoad (0ms)
				EditorAssembliesLoaded (0ms)
			ExecutionOrderSort2 (0ms)
			AwakeInstancesAfterBackupRestoration (0ms)
Platform modules already initialized, skipping
Registering precompiled user dll's ...
Registered in 0.010636 seconds.
Begin MonoManager ReloadAssembly
Native extension for WindowsStandalone target not found
Refreshing native plugins compatible for Editor in 37.97 ms, found 3 plugins.
Preloading 0 native plugins for Editor in 0.00 ms.
Mono: successfully reloaded assembly
- Completed reload, in  1.111 seconds
Domain Reload Profiling:
	ReloadAssembly (1112ms)
		BeginReloadAssembly (158ms)
			ExecutionOrderSort (0ms)
			DisableScriptedObjects (4ms)
			BackupInstance (0ms)
			ReleaseScriptingObjects (0ms)
			CreateAndSetChildDomain (18ms)
		EndReloadAssembly (896ms)
			LoadAssemblies (130ms)
			RebuildTransferFunctionScriptingTraits (0ms)
			SetupTypeCache (262ms)
			ReleaseScriptCaches (0ms)
			RebuildScriptCaches (42ms)
			SetupLoadedEditorAssemblies (376ms)
				LogAssemblyErrors (0ms)
				InitializePlatformSupportModulesInManaged (3ms)
				SetLoadedEditorAssemblies (0ms)
				RefreshPlugins (38ms)
				BeforeProcessingInitializeOnLoad (72ms)
				ProcessInitializeOnLoadAttributes (248ms)
				ProcessInitializeOnLoadMethodAttributes (12ms)
				AfterProcessingInitializeOnLoad (3ms)
				EditorAssembliesLoaded (0ms)
			ExecutionOrderSort2 (0ms)
			AwakeInstancesAfterBackupRestoration (6ms)
Platform modules already initialized, skipping
========================================================================
Worker process is ready to serve import requests
Launched and connected shader compiler UnityShaderCompiler.exe after 0.07 seconds
Refreshing native plugins compatible for Editor in 0.54 ms, found 3 plugins.
Preloading 0 native plugins for Editor in 0.00 ms.
Unloading 2091 Unused Serialized files (Serialized files now loaded: 0)
System memory in use before: 93.0 MB.
System memory in use after: 93.1 MB.

Unloading 28 unused Assets to reduce memory usage. Loaded Objects now: 2528.
Total: 3.648200 ms (FindLiveObjects: 0.325500 ms CreateObjectMapping: 0.049600 ms MarkObjects: 3.181200 ms  DeleteObjects: 0.089400 ms)

AssetImportParameters requested are different than current active one (requested -> active):
  custom:framework-win-MediaFoundation: 216162199b28c13a410421893ffa2e32 -> 
  custom:video-decoder-ogg-theora: a1e56fd34408186e4bbccfd4996cb3dc -> 
  custom:container-muxer-webm: aa71ff27fc2769a1b78a27578f13a17b -> 
  custom:container-demuxer-webm: 4f35f7cbe854078d1ac9338744f61a02 -> 
  custom:container-demuxer-ogg: 62fdf1f143b41e24485cea50d1cbac27 -> 
  custom:video-encoder-webm-vp8: eb34c28f22e8b96e1ab97ce403110664 -> 
  custom:video-decoder-webm-vp8: 9c59270c3fd7afecdb556c50c9e8de78 -> 
  custom:audio-decoder-ogg-vorbis: bf7c407c2cedff20999df2af8eb42d56 -> 
  custom:audio-encoder-webm-vorbis: bf7c407c2cedff20999df2af8eb42d56 -> 
========================================================================
Received Import Request.
  path: Assets/IntroButtonStart.png
  artifactKey: Guid(e546ba5dde7eb4140bc32ac2bf1d8748) Importer(815301076,1909f56bfc062723c751e8b465ee728b)
Start importing Assets/IntroButtonStart.png using Guid(e546ba5dde7eb4140bc32ac2bf1d8748) Importer(815301076,1909f56bfc062723c751e8b465ee728b)  -> (artifact id: '922e9d06fa8679f89d8f84314c7d18ba') in 0.188842 seconds 
  Import took 0.192262 seconds .

========================================================================
Received Import Request.
  Time since last request: 0.000286 seconds.
  path: Assets/Player_Idle.png
  artifactKey: Guid(f1632ad25422c6e49a40186e9fed565d) Importer(815301076,1909f56bfc062723c751e8b465ee728b)
Start importing Assets/Player_Idle.png using Guid(f1632ad25422c6e49a40186e9fed565d) Importer(815301076,1909f56bfc062723c751e8b465ee728b)  -> (artifact id: '9a25b54768acd64a58ab0968b154c0cf') in 0.012910 seconds 
  Import took 0.016394 seconds .

========================================================================
Received Import Request.
  Time since last request: 0.000253 seconds.
  path: Assets/Alertline.png
  artifactKey: Guid(80caacdb82b139f48b559775cdda35f4) Importer(815301076,1909f56bfc062723c751e8b465ee728b)
Start importing Assets/Alertline.png using Guid(80caacdb82b139f48b559775cdda35f4) Importer(815301076,1909f56bfc062723c751e8b465ee728b)  -> (artifact id: '8348eb5d04e951d642c23b9711e780d4') in 0.013272 seconds 
  Import took 0.016343 seconds .

========================================================================
Received Import Request.
  Time since last request: 0.000270 seconds.
  path: Assets/PlayerLifeUI.png
  artifactKey: Guid(4713863060d5f6b41bb1f78b63313044) Importer(815301076,1909f56bfc062723c751e8b465ee728b)
Start importing Assets/PlayerLifeUI.png using Guid(4713863060d5f6b41bb1f78b63313044) Importer(815301076,1909f56bfc062723c751e8b465ee728b)  -> (artifact id: 'da2cc1ef8f39d2a1a15c04e7eae27bd0') in 0.014461 seconds 
  Import took 0.017387 seconds .

========================================================================
Received Import Request.
  Time since last request: 0.000329 seconds.
  path: Assets/IntroBackground.png
  artifactKey: Guid(a621d431cc9d6ae4a8a18b5c1ea8e549) Importer(815301076,1909f56bfc062723c751e8b465ee728b)
Start importing Assets/IntroBackground.png using Guid(a621d431cc9d6ae4a8a18b5c1ea8e549) Importer(815301076,1909f56bfc062723c751e8b465ee728b)  -> (artifact id: '88f8d06f819997b0de3785e05f7cbf11') in 0.014838 seconds 
  Import took 0.017962 seconds .

========================================================================
Received Import Request.
  Time since last request: 0.000257 seconds.
  path: Assets/PlayerBullet.png
  artifactKey: Guid(48b6cf22175d903408622253f6908a49) Importer(815301076,1909f56bfc062723c751e8b465ee728b)
Start importing Assets/PlayerBullet.png using Guid(48b6cf22175d903408622253f6908a49) Importer(815301076,1909f56bfc062723c751e8b465ee728b)  -> (artifact id: 'dc149308b0092ffb436936d394ddaabd') in 0.016247 seconds 
  Import took 0.019144 seconds .

========================================================================
Received Import Request.
  Time since last request: 0.000318 seconds.
  path: Assets/GameOverButtonReturn.png
  artifactKey: Guid(60ca39b7ac7d69342acd8b8c03883ef5) Importer(815301076,1909f56bfc062723c751e8b465ee728b)
Start importing Assets/GameOverButtonReturn.png using Guid(60ca39b7ac7d69342acd8b8c03883ef5) Importer(815301076,1909f56bfc062723c751e8b465ee728b)  -> (artifact id: 'e587fb44718d77edf1fc8fcbc30b1fea') in 0.016501 seconds 
  Import took 0.020077 seconds .

========================================================================
Received Import Request.
  Time since last request: 0.000251 seconds.
  path: Assets/Enemy_Idle.png
  artifactKey: Guid(6be6880cba76dfb4e9d3477457437029) Importer(815301076,1909f56bfc062723c751e8b465ee728b)
Start importing Assets/Enemy_Idle.png using Guid(6be6880cba76dfb4e9d3477457437029) Importer(815301076,1909f56bfc062723c751e8b465ee728b)  -> (artifact id: 'c32fc7b687504a3e874001ea75c5842c') in 0.020515 seconds 
  Import took 0.023394 seconds .

========================================================================
Received Import Request.
  Time since last request: 0.000273 seconds.
  path: Assets/Explosion.png
  artifactKey: Guid(0705288fc16b5d249b3aa40178685f7a) Importer(815301076,1909f56bfc062723c751e8b465ee728b)
Start importing Assets/Explosion.png using Guid(0705288fc16b5d249b3aa40178685f7a) Importer(815301076,1909f56bfc062723c751e8b465ee728b)  -> (artifact id: 'f235ed6405e56aa59e8cc356b20b3eea') in 0.012260 seconds 
  Import took 0.015030 seconds .

========================================================================
Received Import Request.
  Time since last request: 0.000228 seconds.
  path: Assets/Player_Die.png
  artifactKey: Guid(132651ff6e4d5c94d9a03bcacd3d123c) Importer(815301076,1909f56bfc062723c751e8b465ee728b)
Start importing Assets/Player_Die.png using Guid(132651ff6e4d5c94d9a03bcacd3d123c) Importer(815301076,1909f56bfc062723c751e8b465ee728b)  -> (artifact id: 'b00e18aab9c4e6206713f1b9f87fb667') in 0.012173 seconds 
  Import took 0.015255 seconds .

========================================================================
Received Import Request.
  Time since last request: 0.000250 seconds.
  path: Assets/GameOverBackground.png
  artifactKey: Guid(5e99f8d408c69c34a9b22ba98f454011) Importer(815301076,1909f56bfc062723c751e8b465ee728b)
Start importing Assets/GameOverBackground.png using Guid(5e99f8d408c69c34a9b22ba98f454011) Importer(815301076,1909f56bfc062723c751e8b465ee728b)  -> (artifact id: '59e259b4f9083ddc8500b1d62b2652fe') in 0.012518 seconds 
  Import took 0.015634 seconds .

========================================================================
Received Import Request.
  Time since last request: 0.000434 seconds.
  path: Assets/Meteorite.png
  artifactKey: Guid(acd118e71212be743817cbada614809f) Importer(815301076,1909f56bfc062723c751e8b465ee728b)
Start importing Assets/Meteorite.png using Guid(acd118e71212be743817cbada614809f) Importer(815301076,1909f56bfc062723c751e8b465ee728b)  -> (artifact id: '21488437a2323c0dba8d158ea2c1f42d') in 0.013425 seconds 
  Import took 0.017091 seconds .

========================================================================
Received Import Request.
  Time since last request: 0.000250 seconds.
  path: Assets/PlayerBoom_Idle.png
  artifactKey: Guid(e2754990c745ddd4b9312a7dbce3bec5) Importer(815301076,1909f56bfc062723c751e8b465ee728b)
Start importing Assets/PlayerBoom_Idle.png using Guid(e2754990c745ddd4b9312a7dbce3bec5) Importer(815301076,1909f56bfc062723c751e8b465ee728b)  -> (artifact id: '4830fa75ec69accabc0db8b0a4a7ea56') in 0.013651 seconds 
  Import took 0.016520 seconds .

========================================================================
Received Import Request.
  Time since last request: 0.000254 seconds.
  path: Assets/Background.png
  artifactKey: Guid(bb04ad7ae74d292428026ce28c909d03) Importer(815301076,1909f56bfc062723c751e8b465ee728b)
Start importing Assets/Background.png using Guid(bb04ad7ae74d292428026ce28c909d03) Importer(815301076,1909f56bfc062723c751e8b465ee728b)  -> (artifact id: '5433be305c05eb2dc909a3af9e3e04ce') in 0.014788 seconds 
  Import took 0.018175 seconds .

========================================================================
Received Import Request.
  Time since last request: 169.435731 seconds.
  path: Assets/New Sprite Atlas.spriteatlas
  artifactKey: Guid(7e292d76e70f2bf40afd41c5903c4328) Importer(815301076,1909f56bfc062723c751e8b465ee728b)
Start importing Assets/New Sprite Atlas.spriteatlas using Guid(7e292d76e70f2bf40afd41c5903c4328) Importer(815301076,1909f56bfc062723c751e8b465ee728b)  -> (artifact id: 'f633402c889a34aedf40c25288c68223') in 0.013324 seconds 
  Import took 0.017699 seconds .

========================================================================
Received Import Request.
  Time since last request: 0.001341 seconds.
  path: Assets/New Sprite Atlas.spriteatlas
  artifactKey: Guid(7e292d76e70f2bf40afd41c5903c4328) Importer(815301076,1909f56bfc062723c751e8b465ee728b)
Start importing Assets/New Sprite Atlas.spriteatlas using Guid(7e292d76e70f2bf40afd41c5903c4328) Importer(815301076,1909f56bfc062723c751e8b465ee728b)  -> (artifact id: 'f633402c889a34aedf40c25288c68223') in 0.004765 seconds 
  Import took 0.008014 seconds .

========================================================================
Received Import Request.
  Time since last request: 172.884599 seconds.
  path: Assets/New Sprite Atlas.spriteatlas
  artifactKey: Guid(7e292d76e70f2bf40afd41c5903c4328) Importer(815301076,1909f56bfc062723c751e8b465ee728b)
Start importing Assets/New Sprite Atlas.spriteatlas using Guid(7e292d76e70f2bf40afd41c5903c4328) Importer(815301076,1909f56bfc062723c751e8b465ee728b)  -> (artifact id: '21fc9447dcf0c8cc75cb06c19cc697e8') in 0.005184 seconds 
  Import took 0.008428 seconds .

========================================================================
Received Prepare
Registering precompiled user dll's ...
Registered in 0.009085 seconds.
Begin MonoManager ReloadAssembly
Native extension for WindowsStandalone target not found
Refreshing native plugins compatible for Editor in 0.49 ms, found 3 plugins.
Preloading 0 native plugins for Editor in 0.00 ms.
Mono: successfully reloaded assembly
- Completed reload, in  0.981 seconds
Domain Reload Profiling:
	ReloadAssembly (981ms)
		BeginReloadAssembly (136ms)
			ExecutionOrderSort (0ms)
			DisableScriptedObjects (5ms)
			BackupInstance (0ms)
			ReleaseScriptingObjects (0ms)
			CreateAndSetChildDomain (31ms)
		EndReloadAssembly (791ms)
			LoadAssemblies (114ms)
			RebuildTransferFunctionScriptingTraits (0ms)
			SetupTypeCache (244ms)
			ReleaseScriptCaches (3ms)
			RebuildScriptCaches (44ms)
			SetupLoadedEditorAssemblies (316ms)
				LogAssemblyErrors (0ms)
				InitializePlatformSupportModulesInManaged (4ms)
				SetLoadedEditorAssemblies (0ms)
				RefreshPlugins (1ms)
				BeforeProcessingInitializeOnLoad (66ms)
				ProcessInitializeOnLoadAttributes (238ms)
				ProcessInitializeOnLoadMethodAttributes (5ms)
				AfterProcessingInitializeOnLoad (3ms)
				EditorAssembliesLoaded (0ms)
			ExecutionOrderSort2 (0ms)
			AwakeInstancesAfterBackupRestoration (8ms)
Platform modules already initialized, skipping
Refreshing native plugins compatible for Editor in 0.48 ms, found 3 plugins.
Preloading 0 native plugins for Editor in 0.00 ms.
Unloading 2081 Unused Serialized files (Serialized files now loaded: 0)
System memory in use before: 95.5 MB.
System memory in use after: 95.6 MB.

Unloading 16 unused Assets to reduce memory usage. Loaded Objects now: 2561.
Total: 2.853100 ms (FindLiveObjects: 0.227200 ms CreateObjectMapping: 0.046600 ms MarkObjects: 2.561000 ms  DeleteObjects: 0.016700 ms)

AssetImportParameters requested are different than current active one (requested -> active):
  custom:framework-win-MediaFoundation: 216162199b28c13a410421893ffa2e32 -> 
  custom:video-decoder-ogg-theora: a1e56fd34408186e4bbccfd4996cb3dc -> 
  custom:container-muxer-webm: aa71ff27fc2769a1b78a27578f13a17b -> 
  custom:container-demuxer-webm: 4f35f7cbe854078d1ac9338744f61a02 -> 
  custom:container-demuxer-ogg: 62fdf1f143b41e24485cea50d1cbac27 -> 
  custom:video-encoder-webm-vp8: eb34c28f22e8b96e1ab97ce403110664 -> 
  custom:video-decoder-webm-vp8: 9c59270c3fd7afecdb556c50c9e8de78 -> 
  custom:audio-decoder-ogg-vorbis: bf7c407c2cedff20999df2af8eb42d56 -> 
  custom:audio-encoder-webm-vorbis: bf7c407c2cedff20999df2af8eb42d56 -> 
========================================================================
Received Import Request.
  Time since last request: 286.767500 seconds.
  path: Assets
  artifactKey: Guid(00000000000000001000000000000000) Importer(815301076,1909f56bfc062723c751e8b465ee728b)
Start importing Assets using Guid(00000000000000001000000000000000) Importer(815301076,1909f56bfc062723c751e8b465ee728b)  -> (artifact id: '42d402b061de3733987d63b9cc3b64de') in 0.006759 seconds 
  Import took 0.010488 seconds .

========================================================================
Received Import Request.
  Time since last request: 5.546404 seconds.
  path: Assets/Square.png
  artifactKey: Guid(bf20d40e80a0b094188bb3f8efeea204) Importer(815301076,1909f56bfc062723c751e8b465ee728b)
Start importing Assets/Square.png using Guid(bf20d40e80a0b094188bb3f8efeea204) Importer(815301076,1909f56bfc062723c751e8b465ee728b)  -> (artifact id: '02a0ae9f45db4654d8da2d353431d792') in 0.042023 seconds 
  Import took 0.045339 seconds .

========================================================================
Received Import Request.
  Time since last request: 10.757205 seconds.
  path: Assets/Square.png
  artifactKey: Guid(bf20d40e80a0b094188bb3f8efeea204) Importer(815301076,1909f56bfc062723c751e8b465ee728b)
Start importing Assets/Square.png using Guid(bf20d40e80a0b094188bb3f8efeea204) Importer(815301076,1909f56bfc062723c751e8b465ee728b)  -> (artifact id: '338a52856f7c50128a8e9f15bd9ae58b') in 0.022649 seconds 
  Import took 0.026080 seconds .

========================================================================
Received Import Request.
  Time since last request: 50.374762 seconds.
  path: Assets/Square 1.png
  artifactKey: Guid(a4997c5ae2e39c24a8ba7535f018a849) Importer(815301076,1909f56bfc062723c751e8b465ee728b)
Start importing Assets/Square 1.png using Guid(a4997c5ae2e39c24a8ba7535f018a849) Importer(815301076,1909f56bfc062723c751e8b465ee728b)  -> (artifact id: '392e9faa93caaafdfb687fe2d2bd472d') in 0.016101 seconds 
  Import took 0.019406 seconds .

========================================================================
Received Import Request.
  Time since last request: 11.090809 seconds.
  path: Assets/Circle.png
  artifactKey: Guid(1a37b641f94abbd4bb77777aa083d2a2) Importer(815301076,1909f56bfc062723c751e8b465ee728b)
Start importing Assets/Circle.png using Guid(1a37b641f94abbd4bb77777aa083d2a2) Importer(815301076,1909f56bfc062723c751e8b465ee728b)  -> (artifact id: '68c983ebb9930af21f9620fc8c5f84da') in 0.012585 seconds 
  Import took 0.016060 seconds .

========================================================================
Received Import Request.
  Time since last request: 115.863057 seconds.
  path: Assets/Square.png
  artifactKey: Guid(bf20d40e80a0b094188bb3f8efeea204) Importer(815301076,1909f56bfc062723c751e8b465ee728b)
Start importing Assets/Square.png using Guid(bf20d40e80a0b094188bb3f8efeea204) Importer(815301076,1909f56bfc062723c751e8b465ee728b)  -> (artifact id: 'fcb7b385c91bc7343361b21af518669b') in 0.015147 seconds 
  Import took 0.018559 seconds .

AssetImportWorkerClient::OnTransportError - code=2 error=End of file
